<?xml version="1.0" encoding="UTF-8"?>
<TestRun id="3782c23a-11d1-4eff-9c75-8ac4da6b2aa0" name="tranl10@USSY-986HXR1-D 2016-01-28 11:30:27" runUser="SJM\tranl10" xmlns="http://microsoft.com/schemas/VisualStudio/TeamTest/2010">
  <TestSettings name="Local" id="2c9cd3d8-61f8-41d3-9393-13efa2f0fde0">
    <Description>These are default test settings for a local test run.</Description>
    <Deployment enabled="false" runDeploymentRoot="tranl10_USSY-986HXR1-D 2016-01-28 11_30_27" />
    <Execution>
      <TestTypeSpecific />
      <AgentRule name="Execution Agents">
      </AgentRule>
    </Execution>
  </TestSettings>
  <Times creation="2016-01-28T11:30:27.0390734-08:00" queuing="2016-01-28T11:30:36.6620734-08:00" start="2016-01-28T11:30:36.6660734-08:00" finish="2016-01-28T11:30:36.9060734-08:00" />
  <ResultSummary outcome="Failed">
    <Counters total="1" executed="1" error="0" failed="1" timeout="0" aborted="0" inconclusive="0" passedButRunAborted="0" notRunnable="0" notExecuted="0" disconnected="0" warning="0" passed="0" completed="0" inProgress="0" pending="0" />
  </ResultSummary>
  <TestDefinitions>
    <UnitTest name="containsTest" storage="c:\users\tranl10\hangman\testletters\bin\debug\testletters.dll" id="e7fb7be8-0028-7245-1cb2-7a06d8cd3cc9">
      <Execution id="d91068aa-108b-40c4-bc83-b9e1d2968abd" />
      <TestMethod codeBase="C:/Users/TranL10/hangman/testLetters/bin/Debug/testLetters.DLL" adapterTypeName="Microsoft.VisualStudio.TestTools.TestTypes.Unit.UnitTestAdapter, Microsoft.VisualStudio.QualityTools.Tips.UnitTest.Adapter, Version=10.0.0.0, Culture=neutral, PublicKeyToken=b03f5f7f11d50a3a" className="testLetters.lettersTest, testLetters, Version=1.0.0.0, Culture=neutral, PublicKeyToken=null" name="containsTest" />
    </UnitTest>
  </TestDefinitions>
  <TestLists>
    <TestList name="Results Not in a List" id="8c84fa94-04c1-424b-9868-57a2d4851a1d" />
    <TestList name="All Loaded Results" id="19431567-8539-422a-85d7-44ee4e166bda" />
  </TestLists>
  <TestEntries>
    <TestEntry testId="e7fb7be8-0028-7245-1cb2-7a06d8cd3cc9" executionId="d91068aa-108b-40c4-bc83-b9e1d2968abd" testListId="8c84fa94-04c1-424b-9868-57a2d4851a1d" />
  </TestEntries>
  <Results>
    <UnitTestResult executionId="d91068aa-108b-40c4-bc83-b9e1d2968abd" testId="e7fb7be8-0028-7245-1cb2-7a06d8cd3cc9" testName="containsTest" computerName="USSY-986HXR1-D" duration="00:00:00.0232109" startTime="2016-01-28T11:30:36.6710734-08:00" endTime="2016-01-28T11:30:36.8430734-08:00" testType="13cdc9d9-ddb5-4fa4-a97d-d965ccfc6d4b" outcome="Failed" testListId="8c84fa94-04c1-424b-9868-57a2d4851a1d" relativeResultsDirectory="d91068aa-108b-40c4-bc83-b9e1d2968abd">
      <Output>
        <ErrorInfo>
          <Message>Assert.AreEqual failed. Expected:&lt;True&gt;. Actual:&lt;False&gt;. </Message>
          <StackTrace>   at testLetters.lettersTest.containsTest() in C:\Users\TranL10\hangman\testLetters\lettersTest.cs:line 88
</StackTrace>
        </ErrorInfo>
      </Output>
    </UnitTestResult>
  </Results>
</TestRun>